<?xml version="1.0" encoding="UTF-8"?>
<testsuite xmlns:xsi="http://www.w3.org/2001/XMLSchema-instance" xsi:noNamespaceSchemaLocation="https://maven.apache.org/surefire/maven-surefire-plugin/xsd/surefire-test-report-3.0.xsd" version="3.0" name="AppTest" time="1.264" tests="4" errors="0" skipped="0" failures="0">
  <properties>
    <property name="java.specification.version" value="17"/>
    <property name="sun.cpu.isalist" value="amd64"/>
    <property name="sun.jnu.encoding" value="Cp1252"/>
    <property name="java.class.path" value="E:\IIIT Bangalore\Academics\Semester 8\Software Product Engineering\Software Product Engineering Projects\SPE Midterm Mini Project T2-22-23\CalculatorMiniProject\target\test-classes;E:\IIIT Bangalore\Academics\Semester 8\Software Product Engineering\Software Product Engineering Projects\SPE Midterm Mini Project T2-22-23\CalculatorMiniProject\target\classes;C:\Users\lenovo\.m2\repository\junit\junit\4.13.2\junit-4.13.2.jar;C:\Users\lenovo\.m2\repository\org\hamcrest\hamcrest-core\1.3\hamcrest-core-1.3.jar;C:\Users\lenovo\.m2\repository\org\apache\logging\log4j\log4j-api\2.14.0\log4j-api-2.14.0.jar;C:\Users\lenovo\.m2\repository\org\apache\logging\log4j\log4j-core\2.14.0\log4j-core-2.14.0.jar;"/>
    <property name="java.vm.vendor" value="Oracle Corporation"/>
    <property name="sun.arch.data.model" value="64"/>
    <property name="user.variant" value=""/>
    <property name="java.vendor.url" value="https://java.oracle.com/"/>
    <property name="user.timezone" value="Asia/Calcutta"/>
    <property name="os.name" value="Windows 10"/>
    <property name="java.vm.specification.version" value="17"/>
    <property name="sun.java.launcher" value="SUN_STANDARD"/>
    <property name="user.country" value="US"/>
    <property name="sun.boot.library.path" value="C:\Program Files\Java\jdk-17.0.1\bin"/>
    <property name="sun.java.command" value="C:\Users\lenovo\AppData\Local\Temp\surefire5959567995053573016\surefirebooter-20230321134956371_3.jar C:\Users\lenovo\AppData\Local\Temp\surefire5959567995053573016 2023-03-21T13-49-56_069-jvmRun1 surefire-20230321134956371_1tmp surefire_0-20230321134956371_2tmp"/>
    <property name="jdk.debug" value="release"/>
    <property name="surefire.test.class.path" value="E:\IIIT Bangalore\Academics\Semester 8\Software Product Engineering\Software Product Engineering Projects\SPE Midterm Mini Project T2-22-23\CalculatorMiniProject\target\test-classes;E:\IIIT Bangalore\Academics\Semester 8\Software Product Engineering\Software Product Engineering Projects\SPE Midterm Mini Project T2-22-23\CalculatorMiniProject\target\classes;C:\Users\lenovo\.m2\repository\junit\junit\4.13.2\junit-4.13.2.jar;C:\Users\lenovo\.m2\repository\org\hamcrest\hamcrest-core\1.3\hamcrest-core-1.3.jar;C:\Users\lenovo\.m2\repository\org\apache\logging\log4j\log4j-api\2.14.0\log4j-api-2.14.0.jar;C:\Users\lenovo\.m2\repository\org\apache\logging\log4j\log4j-core\2.14.0\log4j-core-2.14.0.jar;"/>
    <property name="sun.cpu.endian" value="little"/>
    <property name="user.home" value="C:\Users\lenovo"/>
    <property name="user.language" value="en"/>
    <property name="java.specification.vendor" value="Oracle Corporation"/>
    <property name="java.version.date" value="2021-10-19"/>
    <property name="java.home" value="C:\Program Files\Java\jdk-17.0.1"/>
    <property name="file.separator" value="\"/>
    <property name="basedir" value="E:\IIIT Bangalore\Academics\Semester 8\Software Product Engineering\Software Product Engineering Projects\SPE Midterm Mini Project T2-22-23\CalculatorMiniProject"/>
    <property name="java.vm.compressedOopsMode" value="32-bit"/>
    <property name="line.separator" value="&#10;"/>
    <property name="java.vm.specification.vendor" value="Oracle Corporation"/>
    <property name="java.specification.name" value="Java Platform API Specification"/>
    <property name="surefire.real.class.path" value="C:\Users\lenovo\AppData\Local\Temp\surefire5959567995053573016\surefirebooter-20230321134956371_3.jar"/>
    <property name="user.script" value=""/>
    <property name="sun.management.compiler" value="HotSpot 64-Bit Tiered Compilers"/>
    <property name="java.runtime.version" value="17.0.1+12-LTS-39"/>
    <property name="user.name" value="lenovo"/>
    <property name="path.separator" value=";"/>
    <property name="os.version" value="10.0"/>
    <property name="java.runtime.name" value="Java(TM) SE Runtime Environment"/>
    <property name="file.encoding" value="Cp1252"/>
    <property name="java.vm.name" value="Java HotSpot(TM) 64-Bit Server VM"/>
    <property name="localRepository" value="C:\Users\lenovo\.m2\repository"/>
    <property name="java.vendor.url.bug" value="https://bugreport.java.com/bugreport/"/>
    <property name="java.io.tmpdir" value="C:\Users\lenovo\AppData\Local\Temp\"/>
    <property name="java.version" value="17.0.1"/>
    <property name="user.dir" value="E:\IIIT Bangalore\Academics\Semester 8\Software Product Engineering\Software Product Engineering Projects\SPE Midterm Mini Project T2-22-23\CalculatorMiniProject"/>
    <property name="os.arch" value="amd64"/>
    <property name="java.vm.specification.name" value="Java Virtual Machine Specification"/>
    <property name="sun.os.patch.level" value=""/>
    <property name="native.encoding" value="Cp1252"/>
    <property name="java.library.path" value="C:\Program Files\Java\jdk-17.0.1\bin;C:\WINDOWS\Sun\Java\bin;C:\WINDOWS\system32;C:\WINDOWS;C:\Python311\Scripts\;C:\Python311\;C:\Python38\Scripts\;C:\Python38\;C:\Python310\Scripts\;C:\Python310\;E:\IIIT Bangalore\Semester 6\Competency Maps Machine Learning Project Electives WSL\Scripts\;E:\IIIT Bangalore\Semester 6\Competency Maps Machine Learning Project Electives WSL\;C:\Program Files\Python310\Scripts\;C:\Program Files\Python310\;C:\Program Files\Python38\Scripts\;C:\Program Files\Python38\;C:\Program Files\Java\jdk-17.0.1\bin;C:\Python39\Scripts\;C:\Python39\;C:\Program Files\Java\jdk-14.0.1\bin;C:\WINDOWS\system32;C:\WINDOWS;C:\WINDOWS\System32\Wbem;C:\WINDOWS\System32\WindowsPowerShell\v1.0\;C:\WINDOWS\System32\OpenSSH\;C:\Program Files\Git\cmd;C:\ProgramData\chocolatey\bin;C:\Program Files (x86)\GnuWin32\bin;C:\apache-maven-3.8.6\bin;C:\Program Files\Cloudflare\Cloudflare WARP\;C:\Program Files\nodejs\;C:\Users\lenovo\AppData\Roaming\Python\Python310\site-packages\jedi\third_party\typeshed\third_party\2and3\flask;C:\WINDOWS\system32;C:\WINDOWS;C:\WINDOWS\System32\Wbem;C:\WINDOWS\System32\WindowsPowerShell\v1.0\;C:\WINDOWS\System32\OpenSSH\;C:\Program Files\Docker\Docker\resources\bin;C:\ApacheMaven\apache-maven-3.9.1\bin;C:\Users\lenovo\.poetry\bin;C:\Users\lenovo\AppData\Local\Microsoft\WindowsApps;c:\iverilog\bin;C:\Users\lenovo\AppData\Local\Programs\Microsoft VS Code\bin;C:\Program Files (x86)\mingw-w64\i686-8.1.0-posix-dwarf-rt_v6-rev0\mingw32\bin;C:\OCaml64\home\lenovo\.opam\4.13.1+mingw64c\bin;C:\Users\lenovo\AppData\Local\GitHubDesktop\bin;C:\Program Files\JetBrains\IntelliJ IDEA Community Edition 2022.2.4\bin;C:\Users\lenovo\AppData\Roaming\npm;."/>
    <property name="java.vm.info" value="mixed mode, sharing"/>
    <property name="java.vendor" value="Oracle Corporation"/>
    <property name="java.vm.version" value="17.0.1+12-LTS-39"/>
    <property name="sun.io.unicode.encoding" value="UnicodeLittle"/>
    <property name="java.class.version" value="61.0"/>
  </properties>
  <testcase name="test_factorial" classname="AppTest" time="1.111">
    <system-out><![CDATA[
The Result is 120

]]></system-out>
  </testcase>
  <testcase name="test_naturalLog" classname="AppTest" time="0.007">
    <system-out><![CDATA[
The Result is 0.999896315728952

]]></system-out>
  </testcase>
  <testcase name="test_squareRoot" classname="AppTest" time="0.004">
    <system-out><![CDATA[
The Result is 5.0

]]></system-out>
  </testcase>
  <testcase name="test_power" classname="AppTest" time="0.003">
    <system-out><![CDATA[
The Result is 32.0

]]></system-out>
  </testcase>
</testsuite>